[2025-11-02 04:41:26] Tel茅fono: +543417208555
Mensaje:
 Tu c贸digo de verificaci贸n es: *946774*

Este c贸digo expira en 10 minutos.
No compartas este c贸digo con nadie.

Si no solicitaste este c贸digo, ignora este mensaje.
--------------------------------------------------
[2025-11-02 04:57:34] Tel茅fono: +543417208555
Mensaje:
 Tu c贸digo de verificaci贸n es: *946774*

Este c贸digo expira en 10 minutos.
No compartas este c贸digo con nadie.

Si no solicitaste este c贸digo, ignora este mensaje.
--------------------------------------------------
[2025-11-02 04:59:11] Tel茅fono: +543417208555
Mensaje:
 Tu c贸digo de verificaci贸n es: *946774*

Este c贸digo expira en 10 minutos.
No compartas este c贸digo con nadie.

Si no solicitaste este c贸digo, ignora este mensaje.
--------------------------------------------------
